<?xml version="1.0" encoding="UTF-8"?>
<testng-results ignored="0" total="2" passed="2" failed="0" skipped="0">
  <reporter-output>
  </reporter-output>
  <suite started-at="2022-08-26T21:41:14 IST" name="Suite" finished-at="2022-08-26T21:41:21 IST" duration-ms="6807">
    <groups>
    </groups>
    <test started-at="2022-08-26T21:41:14 IST" name="Test" finished-at="2022-08-26T21:41:21 IST" duration-ms="6807">
      <class name="com.testNG.ParallelTest">
        <test-method signature="g()[pri:0, instance:com.testNG.ParallelTest@2f7298b]" started-at="2022-08-26T21:41:14 IST" name="g" finished-at="2022-08-26T21:41:21 IST" duration-ms="6514" status="PASS">
          <reporter-output>
          </reporter-output>
        </test-method> <!-- g -->
        <test-method signature="f()[pri:0, instance:com.testNG.ParallelTest@2f7298b]" started-at="2022-08-26T21:41:14 IST" name="f" finished-at="2022-08-26T21:41:21 IST" duration-ms="6771" status="PASS">
          <reporter-output>
          </reporter-output>
        </test-method> <!-- f -->
      </class> <!-- com.testNG.ParallelTest -->
    </test> <!-- Test -->
  </suite> <!-- Suite -->
</testng-results>
